<?xml version="1.0" encoding="UTF-8"?>
<!-- Generated by org.testng.reporters.JUnitReportReporter -->
<testsuite hostname="QA1058" failures="0" tests="2" name="testingNG.Samp" time="7.858" errors="0" timestamp="2023-03-01T18:58:44 IST" skipped="0">
  <testcase classname="testingNG.Samp" name="launch" time="3.917"/>
  <system-out/>
  <testcase classname="testingNG.Samp" name="launch" time="3.941"/>
  <system-out/>
</testsuite> <!-- testingNG.Samp -->
