<?xml version="1.0" encoding="UTF-8"?>
<!-- Generated by org.testng.reporters.JUnitReportReporter -->
<testsuite hostname="QA1058" failures="0" tests="1" name="testingNG.Leaf" time="4.078" errors="0" timestamp="2023-03-01T16:46:59 IST" skipped="0">
  <testcase classname="testingNG.Leaf" name="leaf" time="4.078"/>
  <system-out/>
</testsuite> <!-- testingNG.Leaf -->
